20231224	04:42:02	af7f033f-ad1d-46e2-9a57-e6ac253690cf	POST /api/v1/users/login 200 412 - 324.350 ms
20231224	04:54:32	53c2fdea-6c08-40b6-b8bf-853c6485501d	POST /api/v1/users/login 403 129 - 404.345 ms
20231224	04:54:52	1042c1a5-643d-4e89-89b2-6bbd987a5161	POST /api/v1/users/login 403 129 - 174.688 ms
20231224	04:54:55	1095a64d-a40f-466d-8335-5e27ba26ec15	POST /api/v1/users/login 403 129 - 236.668 ms
20231224	04:54:58	3ceda36d-004c-4bb9-a59f-da5fad7b4691	POST /api/v1/users/login 403 129 - 197.695 ms
20231224	04:55:02	5cd91008-9f4f-4724-94e9-cdacf9b0c99a	POST /api/v1/users/login 403 129 - 161.235 ms
20231224	04:55:06	83911a4d-ed09-4a32-8f59-6d0abec9d2a2	POST /api/v1/users/login 403 129 - 206.105 ms
20231224	05:22:47	00f6365a-c4ad-46ae-b597-a6486300719d	POST /api/v1/users/login 403 129 - 293.334 ms
20231224	05:22:50	b0db33cd-f63c-4956-96b3-c505fbb26b3e	POST /api/v1/users/login 403 129 - 178.308 ms
20231224	05:22:52	5291bb1b-230c-4c89-b24e-2eac99c850c1	POST /api/v1/users/login 403 129 - 231.114 ms
20231224	05:22:53	d1baacb3-10c0-4fd6-8d41-fe365ea97d01	POST /api/v1/users/login 403 129 - 150.990 ms
20231224	05:22:55	b66c336e-4e9e-4d02-bc87-64a7d9b41c7e	POST /api/v1/users/login 403 129 - 220.483 ms
20231224	05:22:58	0ce3f1ef-c05f-4987-895a-776242e6855d	POST /api/v1/users/login 429 85 - 3.055 ms
20231224	05:49:04	0d2afb38-5391-4ba2-abb8-54bdb1ffed03	POST /api/v1/users/login 403 129 - 202.833 ms
20231224	05:49:50	4bbcb92c-e67d-4788-afd3-a7c8ff65ea07	POST /api/v1/users/login 400 227 - 30.043 ms
20231224	17:59:57	c81e88c0-5f59-4748-85d8-a4dcdcda7c06	GET / 200 297 - 20.594 ms
20231224	17:59:57	b234bcc2-03a2-4b7f-ba13-ff9eefc8d4e1	GET /css/style.css 500 130 - 40.263 ms
20231224	17:59:57	0c6aea68-edef-484e-84d7-aae7f807a951	GET /favicon.ico 500 130 - 11.892 ms
20231224	18:00:26	57aa15cf-602b-49ec-bf05-9a6cd48c0ff3	GET / 200 301 - 4.468 ms
20231224	18:00:26	0ee2052e-b2ca-433e-a4be-2b24175692e1	GET /css/style.css 500 130 - 15.800 ms
20231224	18:00:26	63f52fdc-ab84-42a1-91ae-da3f31e6f7fb	GET /favicon.ico 500 130 - 9.796 ms
20231224	18:01:58	dc6aca9b-a9ca-4c97-8df6-e915eb3aa842	GET / 304 - - 5.359 ms
20231224	18:01:58	5d0f6835-2a6b-41f8-95f3-371aba3a6e74	GET /css/style.css 500 130 - 14.464 ms
20231224	18:01:58	3488a39e-dad4-441e-aa1c-3c450078e8a6	GET /favicon.ico 500 130 - 14.330 ms
20231224	18:01:59	351614ae-57e6-489a-8cf8-d86ef3a02f63	GET / 304 - - 3.485 ms
20231224	18:02:00	8967ad86-2c94-4eb4-866c-a1d0b88dd817	GET /css/style.css 500 130 - 48.390 ms
20231224	18:02:00	7ef3bdef-090f-41ef-995f-18d7d8d68599	GET /favicon.ico 500 130 - 19.546 ms
20231224	18:03:43	61a934fd-e328-465c-a17e-be4dc5d9c933	GET / 500 130 - 346.276 ms
20231224	18:04:27	0e9d3b28-ca57-44c7-9d33-764981d38e6a	GET / 200 301 - 19.706 ms
20231224	18:04:28	cc1e61b3-2cf0-44b9-be6a-6919c0f09b55	GET /css/style.css 500 130 - 119.656 ms
20231224	18:04:28	d0cafdae-0b9d-4c08-9508-ca6802f7e107	GET /favicon.ico 500 130 - 87.947 ms
20231224	18:05:17	f15e16e9-0319-4ff8-a0d4-f3aa6eae5cb7	GET / 304 - - 17.115 ms
20231224	18:05:17	1f3aeffa-cd3e-4ae3-a52a-176b11d391dd	GET /css/style.css 200 402 - 6.727 ms
20231224	18:05:17	7710b89c-3703-49df-9878-7d0c906aff5c	GET /favicon.ico 500 130 - 41.171 ms
20231224	18:05:49	66583b3e-5c8a-4146-8820-fa7d8affc5a4	GET /44 500 130 - 15.772 ms
20231224	18:05:50	3c5de7bb-090e-449a-8d2c-25908fa8cc85	GET /favicon.ico 500 130 - 12.562 ms
20231224	18:06:04	2d17feef-7428-4462-892c-0bf7bb57b3be	GET /api 500 130 - 10.582 ms
20231224	18:06:04	fa8ebb8e-0c8d-41f8-a20d-f7e32e359625	GET /favicon.ico 500 130 - 12.993 ms
20231224	18:06:33	6183da8b-6493-40cb-8660-332f634c651d	GET / 304 - - 2.808 ms
20231224	18:06:33	e0f0e6ea-d118-46d1-b4bb-3a480a367fdb	GET /css/style.css 304 - - 1.633 ms
20231224	18:06:34	b6626642-c936-4e22-b84c-f18f45b21ce3	GET /favicon.ico 500 130 - 12.725 ms
20231224	18:07:28	7221a5fb-4dfc-46e4-8904-8ecae69e18a1	GET / 304 - - 15.238 ms
20231224	18:07:28	63ba5ef6-1ece-4ecb-ac67-6ecaf4020084	GET /css/style.css 304 - - 2.386 ms
20231224	18:07:29	ed6de5a4-a1f1-4546-92d5-66b38ea973ee	GET /favicon.ico 500 130 - 44.242 ms
20231224	18:07:32	1d22ec3f-42a0-4f3c-8db2-5d70cfece8dc	GET / 304 - - 2.283 ms
20231224	18:07:32	3bfb100b-138f-46c9-ac96-0c57cbd70287	GET /css/style.css 304 - - 3.311 ms
20231224	18:07:33	3f69a355-9cec-4b7f-9048-3b6c88b2c519	GET /favicon.ico 500 130 - 14.063 ms
20231224	18:08:07	395ee7c2-9c19-4c70-95ec-875d7868a361	GET / 304 - - 14.925 ms
20231224	18:08:07	c1b05645-fed6-4d3d-9ad4-2ca721e2223c	GET /css/style.css 304 - - 4.820 ms
20231224	18:08:07	78e5b753-24a4-4595-911e-158eaae35cf2	GET /favicon.ico 404 150 - 14.188 ms
20231225	03:35:28	a8c542ef-5830-42e4-aaf7-5f936f3b4884	GET /api/v1/docs/ 304 - - 19.685 ms
20231225	03:35:28	6ad8fbf2-0a1c-4268-9acb-aa0256ecbde5	GET /api/v1/docs/swagger-ui-init.js 304 - - 8.694 ms
20231225	03:35:28	a9e1cb72-22bd-4955-82d2-f328dbf2142c	GET /api/v1/docs/swagger-ui-bundle.js 304 - - 55.556 ms
20231225	03:35:28	b4fa9b06-58bc-4fe0-95d8-bcd6fd3ce6b5	GET /api/v1/docs/swagger-ui.css 304 - - 62.532 ms
20231225	03:35:28	dd5770b8-1a14-4ce8-8743-d842faffb004	GET /api/v1/docs/swagger-ui-standalone-preset.js 304 - - 54.045 ms
20231225	03:35:28	5acb9d54-2e06-4777-833f-69e4e53dd662	GET /api/v1/docs/favicon-32x32.png 304 - - 2.012 ms
20231225	03:35:29	ee424af3-33a6-41d2-9957-245b6a90ad07	GET /api/v1/docs/favicon-32x32.png 304 - - 5.043 ms
20231225	03:35:33	06f660ca-9bd3-4ec2-b44a-a2bab85b63b6	GET / 304 - - 3.259 ms
20231225	03:35:33	41b60ba9-5c3c-4bf5-8501-6674f2e00360	GET /css/style.css 304 - - 1.337 ms
20231226	00:07:17	cca97bc9-86a7-4be6-99f1-3bfe48aaa996	GET /api/v1/docs/ 304 - - 17.513 ms
20231226	00:07:18	32e06419-f853-4e0e-b935-8065843a1721	GET /api/v1/docs/swagger-ui-init.js 200 11726 - 4.604 ms
20231226	00:07:18	da5f10e3-1e1c-4e70-9fac-b4bf3e5f970f	GET /api/v1/docs/swagger-ui-bundle.js 304 - - 5.297 ms
20231226	00:07:18	4b028f4c-b06d-43ef-8364-b56f22fa861d	GET /api/v1/docs/swagger-ui.css 304 - - 4.020 ms
20231226	00:07:18	c3bbfb61-02d4-48bd-937a-5d27f33209f4	GET /api/v1/docs/swagger-ui-standalone-preset.js 304 - - 66.270 ms
20231226	00:07:18	ca04bf3f-6673-4f8d-86a8-c6ef63f4fb4b	GET /api/v1/docs/favicon-32x32.png 304 - - 3.227 ms
20231226	01:09:57	567b1bda-0425-47f0-af5a-c434121cd880	GET /api/v1/docs/ 304 - - 17.821 ms
20231226	01:09:57	3c414aa0-9a19-4037-8829-cd1aa4446702	GET /api/v1/docs/swagger-ui-init.js 200 11847 - 7.472 ms
20231226	01:09:57	397b74ae-e583-4790-a738-d56878aa905c	GET /api/v1/docs/swagger-ui.css 304 - - 31.123 ms
20231226	01:09:57	c4a6407c-c145-4152-a427-5cbcbabaee45	GET /api/v1/docs/swagger-ui-bundle.js 304 - - 50.063 ms
20231226	01:09:57	b70485a8-1215-4b2f-8b45-dae529c44c05	GET /api/v1/docs/swagger-ui-standalone-preset.js 304 - - 50.457 ms
20231226	01:09:58	58de5eb6-fa9f-4c44-ae26-1e0e4f47cbca	GET /api/v1/docs/favicon-32x32.png 304 - - 1.672 ms
20231226	01:09:58	06fa91c6-c249-4ce3-8304-851669937065	GET /api/v1/docs/favicon-32x32.png 304 - - 1.646 ms
20231226	01:10:25	38d5562c-54f4-4423-a96d-e1af8ded7864	POST /api/v1/users/register 200 412 - 684.235 ms
20231226	17:51:16	330e4dba-758f-4266-9007-aa0bdbb7175d	GET /api/v1/todos 500 130 - 27.355 ms
20231226	17:51:43	cde2e07c-6b59-42f7-a595-c9353fae4159	POST /api/v1/users/login 200 412 - 149.132 ms
20231226	17:52:09	63074922-b328-4d22-9632-1b15b96da5d6	GET /api/v1/todos 200 320 - 32.943 ms
20231226	20:26:52	6900920f-6566-4431-a9b8-6d97bfc536e9	GET /api/v1/docs/ 304 - - 16.368 ms
20231226	20:26:52	6cf37e71-96e0-4754-8c38-fbd67df7710d	GET /api/v1/docs/swagger-ui-init.js 200 12931 - 6.718 ms
20231226	20:26:52	02bb0590-82f7-45c3-8dcf-c6b9a1ffa583	GET /api/v1/docs/swagger-ui.css 304 - - 16.954 ms
20231226	20:26:52	ca3cdc70-caaf-4daa-afc8-596231422d12	GET /api/v1/docs/swagger-ui-standalone-preset.js 304 - - 17.515 ms
20231226	20:26:52	18a83d15-5367-4367-afd3-3fe916ec4a53	GET /api/v1/docs/swagger-ui-bundle.js 304 - - 3.460 ms
20231226	20:26:53	5cad72ec-44c3-444c-bb9b-328fc20cb165	GET /api/v1/docs/favicon-32x32.png 304 - - 1.868 ms
20231226	20:26:53	ea81f4ec-f40d-4829-bb3d-47a0ea960a6d	GET /api/v1/docs/favicon-32x32.png 304 - - 11.739 ms
20231226	20:27:56	c0905da4-4fd6-4d30-afd0-ac26ae1fb4c0	POST /api/v1/users/login 200 412 - 173.797 ms
20231226	20:28:32	9dbf4f82-ea15-4e21-8efe-b5e6f7619ccc	GET /api/v1/todos?limit=20 500 130 - 40.450 ms
20231226	20:29:45	4079cea9-fc5c-4103-bf72-318b6a63c6ab	GET /api/v1/todos?limit=20 500 130 - 32.487 ms
20231226	20:30:06	92223314-f4a3-46ff-b5ed-6570cdcd3491	POST /api/v1/users/login 200 412 - 154.650 ms
20231226	20:30:31	01637340-3d86-41f7-9ddb-87a322432c3b	GET /api/v1/todos?limit=20 200 382 - 72.471 ms
20231226	20:31:33	998d3622-bfb9-4f2d-baf3-5adb7af27e5c	POST /api/v1/todos 200 305 - 44.224 ms
20231226	20:31:40	d818c953-fbac-49bf-a312-1e6ac2a8020a	GET /api/v1/todos?limit=20 200 610 - 31.585 ms
20231226	20:41:10	526a7190-74d0-4995-a95c-61dd3e17c2b4	GET /api/v1/todos?limit=20 500 130 - 33.026 ms
20231226	20:41:28	31d61236-1de4-400f-9689-7ceacc2d1ec2	POST /api/v1/users/login 200 412 - 157.175 ms
20231226	20:42:04	be60d986-bc08-4f9a-be45-1de3ddbe9698	GET /api/v1/todos?limit=20 200 611 - 43.430 ms
20231226	20:43:02	cf15db1a-7769-4b1d-b429-1b1eac17af15	GET /api/v1/todos?limit=20 500 130 - 29.341 ms
20231226	20:43:13	097b34f8-0670-4206-9751-7331b8973b00	POST /api/v1/users/login 200 412 - 157.811 ms
20231226	20:43:50	d371fe45-60b7-46b4-bdba-729d157bd1fc	GET /api/v1/todos?limit=20 200 601 - 42.038 ms
20231226	20:45:18	12b206e4-633b-427b-bc44-e98567d7fb17	GET /api/v1/todos?limit=20&page=1 200 601 - 36.610 ms
20231226	23:59:34	269cbea6-7da2-41ba-b7ed-d5caadb37037	GET /api/v1/docs/ 304 - - 33.552 ms
20231226	23:59:34	551282f8-4511-4548-9c1e-8b78c061e267	GET /api/v1/docs/swagger-ui-init.js 200 14589 - 12.473 ms
20231226	23:59:34	38b1224f-7184-4503-afe8-d47531775208	GET /api/v1/docs/swagger-ui-standalone-preset.js 304 - - 22.304 ms
20231226	23:59:34	9ba93b6e-0fa5-4874-9c68-beaa24c9888e	GET /api/v1/docs/swagger-ui.css 304 - - 10.426 ms
20231226	23:59:34	76333ca9-0b43-4dd4-b004-576faf9a01db	GET /api/v1/docs/swagger-ui-bundle.js 304 - - 14.881 ms
20231226	23:59:35	e0fb1812-121b-4083-94f5-24d0e5703fd8	GET /api/v1/docs/favicon-32x32.png 304 - - 3.210 ms
20231226	23:59:35	261af61a-dbb0-4416-b5d7-f43797d5b0ad	GET /api/v1/docs/favicon-32x32.png 304 - - 4.394 ms
20231226	23:59:50	30a6c86b-c796-4901-a134-be917287f412	GET /api/v1/docs/ 304 - - 3.445 ms
20231226	23:59:50	80055fdc-b6a4-4d8c-be2e-4e757c59a99c	GET /api/v1/docs/swagger-ui.css 304 - - 2.751 ms
20231226	23:59:50	147d9fd2-dd50-4515-9c42-b578088dea31	GET /api/v1/docs/swagger-ui-bundle.js 304 - - 4.173 ms
20231226	23:59:50	1fd81efe-1fdf-4d95-a19d-1c911d5c9b11	GET /api/v1/docs/swagger-ui-standalone-preset.js 304 - - 10.056 ms
20231226	23:59:50	afe8ac9c-e557-4d9d-94f3-06579a7dcf28	GET /api/v1/docs/swagger-ui-init.js 304 - - 3.744 ms
20231226	23:59:51	910376d1-868f-4eae-b616-d7d10a3c9c84	GET /api/v1/docs/favicon-32x32.png 304 - - 1.706 ms
20231226	23:59:51	aab22837-00cc-4184-98a7-b32d99463d12	GET /api/v1/docs/favicon-32x32.png 304 - - 16.501 ms
20231227	00:00:42	a5f4e558-0d5c-439f-b78e-2d2f20030de0	GET /api/v1/docs/ 304 - - 19.421 ms
20231227	00:00:42	18567f47-c3b3-4d88-a2fc-5419fa38fed6	GET /api/v1/docs/swagger-ui.css 304 - - 24.773 ms
20231227	00:00:42	a273ab0f-9241-430f-820a-bd912fa3b337	GET /api/v1/docs/swagger-ui-bundle.js 304 - - 55.393 ms
20231227	00:00:42	363e60d4-b7f1-4898-b2b9-26480c55ccd9	GET /api/v1/docs/swagger-ui-standalone-preset.js 304 - - 59.462 ms
20231227	00:00:42	e8615171-d42a-4a0c-80d5-28b9e9285632	GET /api/v1/docs/swagger-ui-init.js 200 14582 - 75.617 ms
20231227	00:00:42	b3d0bbb4-c4d9-4a2e-a26c-c251dc071fe1	GET /api/v1/docs/favicon-32x32.png 304 - - 1.522 ms
20231227	00:00:42	f0d9fc41-91cc-4e16-8383-74ddd57c8c50	GET /api/v1/docs/favicon-32x32.png 304 - - 5.271 ms
20231227	00:00:52	ae4d8808-02bf-49b9-8f9b-de87577a43b6	GET /api/v1/docs/ 304 - - 3.318 ms
20231227	00:00:52	5037ac27-4a56-4f23-a305-703b8ac7fc56	GET /api/v1/docs/swagger-ui.css 304 - - 7.756 ms
20231227	00:00:52	52e6a574-4a29-4e4a-bb8a-a019c74b2a42	GET /api/v1/docs/swagger-ui-bundle.js 304 - - 11.389 ms
20231227	00:00:52	a2436a08-a9c3-4c2d-841d-7396be192c51	GET /api/v1/docs/swagger-ui-init.js 304 - - 10.297 ms
20231227	00:00:52	49226beb-d59e-40a2-a8cf-be0751e5b55e	GET /api/v1/docs/swagger-ui-standalone-preset.js 304 - - 13.924 ms
20231227	00:00:53	7309b846-41ee-45e2-8708-aaf9c90f5ed5	GET /api/v1/docs/favicon-32x32.png 304 - - 1.469 ms
20231227	00:00:53	3f831db7-ec89-46e1-8d84-728ce887f67d	GET /api/v1/docs/favicon-32x32.png 304 - - 1.319 ms
20231227	00:00:55	b4ab9ea8-e5d5-4653-808a-d042f9102216	GET /api/v1/docs/ 304 - - 1.918 ms
20231227	00:00:56	4f338aef-d72d-4898-bf6e-36648c138095	GET /api/v1/docs/swagger-ui.css 304 - - 1.610 ms
20231227	00:00:56	e0afd40b-2f8f-483d-9a24-a5998fa08e03	GET /api/v1/docs/swagger-ui-bundle.js 304 - - 4.169 ms
20231227	00:00:56	ed28ab8c-aec3-4529-a639-3045a818067a	GET /api/v1/docs/swagger-ui-standalone-preset.js 304 - - 10.194 ms
20231227	00:00:56	d7e0ea63-0ef0-4d46-8c83-ab3531413c31	GET /api/v1/docs/swagger-ui-init.js 304 - - 3.849 ms
20231227	00:00:56	12fc5cde-2e71-473b-a5ce-b5ed430c6169	GET /api/v1/docs/favicon-32x32.png 304 - - 2.821 ms
20231227	00:00:56	8288798a-815b-48cb-89eb-00a74f987c9a	GET /api/v1/docs/favicon-32x32.png 304 - - 1.557 ms
20231227	00:06:07	3bdcb65f-25f9-46d2-bb93-e0b4bea34a5c	GET /api/v1/docs/ 304 - - 20.130 ms
20231227	00:06:08	5303726e-74c6-4ddb-99b0-c3501f08a566	GET /api/v1/docs/swagger-ui.css 304 - - 15.226 ms
20231227	00:06:08	d73749be-f252-4217-aec3-0e130c57196e	GET /api/v1/docs/swagger-ui-bundle.js 304 - - 15.834 ms
20231227	00:06:08	3d3304c5-cdcd-4726-b7a2-cf288993c815	GET /api/v1/docs/swagger-ui-init.js 200 12931 - 11.806 ms
20231227	00:06:08	7bd4661b-f901-4f6b-ad0e-e48921d83989	GET /api/v1/docs/swagger-ui-standalone-preset.js 304 - - 18.691 ms
20231227	00:06:08	0923131a-e984-4214-802f-423f85c487b4	GET /api/v1/docs/favicon-32x32.png 304 - - 1.488 ms
20231227	00:06:08	9a55a57e-ee1d-4a54-910e-060a4cb14d3f	GET /api/v1/docs/favicon-32x32.png 304 - - 2.213 ms
20231227	00:27:16	7e4b064b-493e-429c-9a48-991796789c7c	GET /api/v1/docs/ 304 - - 19.372 ms
20231227	00:27:16	948cd58d-46c0-4329-b666-0224bd7505dc	GET /api/v1/docs/swagger-ui.css 304 - - 5.928 ms
20231227	00:27:16	85282fea-c17a-4c64-b7ee-9e297e6e3587	GET /api/v1/docs/swagger-ui-init.js 200 14166 - 8.102 ms
20231227	00:27:16	b4752dda-d5f9-40a7-baa0-7ca57ca10065	GET /api/v1/docs/swagger-ui-bundle.js 304 - - 14.848 ms
20231227	00:27:16	3af245a6-8fb3-4d51-b7bb-7056ff74d22b	GET /api/v1/docs/swagger-ui-standalone-preset.js 304 - - 11.521 ms
20231227	00:27:17	7b32eaef-5087-45c9-88e1-d9edd85f73c4	GET /api/v1/docs/favicon-32x32.png 304 - - 1.364 ms
20231227	00:27:17	dc168ed9-0a52-431c-927e-ee52f81f7d75	GET /api/v1/docs/favicon-32x32.png 304 - - 9.459 ms
20231227	00:27:22	b4b3e6c8-9386-43d0-b251-706f2a67b717	GET /api/v1/docs/ 304 - - 2.443 ms
20231227	00:27:22	8f47959b-af7f-4961-9de9-17b70a5799f2	GET /api/v1/docs/swagger-ui-init.js 304 - - 6.990 ms
20231227	00:27:22	6fc37fbc-1a55-4968-bc8b-eb09fc7193fc	GET /api/v1/docs/swagger-ui.css 304 - - 14.536 ms
20231227	00:27:22	608246fa-01dd-4ac9-a928-4c30a5dcb58f	GET /api/v1/docs/swagger-ui-bundle.js 304 - - 14.729 ms
20231227	00:27:22	53299ae2-f27c-4e94-b85c-69704f37f7d9	GET /api/v1/docs/swagger-ui-standalone-preset.js 304 - - 15.479 ms
20231227	00:27:22	cbe52730-1cd3-4af6-a2f3-cf281d25e5ac	GET /api/v1/docs/favicon-32x32.png 304 - - 2.026 ms
20231227	00:27:22	c1105e59-426c-4796-acc8-ff215d28657b	GET /api/v1/docs/favicon-32x32.png 304 - - 6.051 ms
20231227	00:27:25	94ac1a0e-7c6e-47af-89f6-98502246ae8c	GET /api/v1/docs/ 304 - - 2.391 ms
20231227	00:27:25	a5a49268-6907-4c58-8036-feec573ece95	GET /api/v1/docs/swagger-ui-init.js 304 - - 4.720 ms
20231227	00:27:25	f7fb76f0-2c05-4ee9-a0de-97b08a0d2e7a	GET /api/v1/docs/swagger-ui-bundle.js 304 - - 11.772 ms
20231227	00:27:25	0d530110-361a-4a1e-9c5c-802b7ccdf6a1	GET /api/v1/docs/swagger-ui-standalone-preset.js 304 - - 13.238 ms
20231227	00:27:25	4c455486-ebe3-4f9c-87a8-2e5bc1181bde	GET /api/v1/docs/swagger-ui.css 304 - - 10.706 ms
20231227	00:27:25	9cf78f2c-1313-4701-b8d6-a34afa964a9a	GET /api/v1/docs/favicon-32x32.png 304 - - 1.596 ms
20231227	00:27:25	fdd1999b-e419-4dcb-ae77-befa6d51c349	GET /api/v1/docs/favicon-32x32.png 304 - - 2.195 ms
20231227	00:28:48	6be72f85-9d5c-4641-9477-da24a215169d	POST /api/v1/users/login 200 412 - 168.626 ms
20231227	00:29:41	83a6fe94-5cd5-43ee-8648-ce0470078d68	GET /api/v1/todos/search?query=pagination 500 130 - 12.919 ms
20231227	00:31:44	9885ec1f-c7ff-4ccd-a0d6-7f6e2a9c1e2c	GET /api/v1/docs/ 304 - - 1.573 ms
20231227	00:31:44	89edf0de-d2ab-406f-8fbb-e8504e0fc54c	GET /api/v1/docs/swagger-ui.css 304 - - 1.361 ms
20231227	00:31:44	d5cefbf2-95ef-4572-a298-6ee67f44a2c2	GET /api/v1/docs/swagger-ui-bundle.js 304 - - 4.981 ms
20231227	00:31:44	fe2599ad-0e2f-48ec-927f-50c952b41b7b	GET /api/v1/docs/swagger-ui-init.js 304 - - 3.602 ms
20231227	00:31:44	5f7cf9bb-86bd-4cb4-bd35-1f452a9dff87	GET /api/v1/docs/swagger-ui-standalone-preset.js 304 - - 7.813 ms
20231227	00:31:44	f2fc4e08-e77b-439e-b91a-aac2395ce95d	GET /api/v1/docs/favicon-32x32.png 304 - - 1.148 ms
20231227	00:31:44	30c082af-266e-4318-8607-57ac4d1b76d3	GET /api/v1/docs/favicon-32x32.png 304 - - 10.809 ms
20231227	00:33:20	410b90e8-30c8-4733-a8be-b27c804facb9	POST /api/v1/users/login 200 412 - 103.312 ms
20231227	00:34:15	ee06d0fe-02aa-4c82-89c2-6a0a17da5922	GET /api/v1/todos/search?query=pagination 500 130 - 9.310 ms
20231227	00:35:59	9e59b1f3-699a-409b-93c3-2e5daa9f8cf9	GET /api/v1/docs/ 304 - - 19.121 ms
20231227	00:35:59	401b1678-e00b-4f5c-822d-86f6f290a9c2	GET /api/v1/docs/swagger-ui.css 304 - - 12.977 ms
20231227	00:35:59	9264796b-13ae-4ad1-bcf6-12fad7dcc3ce	GET /api/v1/docs/swagger-ui-bundle.js 304 - - 14.931 ms
20231227	00:35:59	3f71a53a-c917-4d12-bce9-664bc926645b	GET /api/v1/docs/swagger-ui-init.js 200 14262 - 13.225 ms
20231227	00:35:59	a514c99d-d1f8-483a-b108-bb7f800166d6	GET /api/v1/docs/swagger-ui-standalone-preset.js 304 - - 18.450 ms
20231227	00:36:00	4ff840f2-ba55-46ea-9af0-83e61b6cb74a	GET /api/v1/docs/favicon-32x32.png 304 - - 1.397 ms
20231227	00:36:00	c717c8b5-860d-44ab-ba6a-edca1bae2c8d	GET /api/v1/docs/favicon-32x32.png 304 - - 1.238 ms
20231227	00:36:12	2d67f715-b802-4cfe-9986-42b46a5e2574	POST /api/v1/users/login 200 412 - 150.447 ms
20231227	00:36:43	fb17dfad-f7f0-4b8c-8f71-c76b0a3683e9	GET /api/v1/docs/ 304 - - 3.099 ms
20231227	00:36:43	99783f72-1052-4f09-b256-0ad6550dcec1	GET /api/v1/docs/swagger-ui.css 304 - - 12.664 ms
20231227	00:36:43	3eae3bfe-12a9-4faa-98b8-9bac66ce65a7	GET /api/v1/docs/swagger-ui-bundle.js 304 - - 30.839 ms
20231227	00:36:43	4cd4b538-fdd7-4263-8ae5-0494822a8816	GET /api/v1/docs/swagger-ui-standalone-preset.js 304 - - 34.228 ms
20231227	00:36:43	fa0c2ee2-1744-44fe-81a1-c448dc117869	GET /api/v1/docs/swagger-ui-init.js 304 - - 38.120 ms
20231227	00:36:44	3b10ce94-2a95-49bc-8a56-9ac41464e1b5	GET /api/v1/docs/favicon-32x32.png 304 - - 2.135 ms
20231227	00:36:44	cc443628-d013-4c59-b35a-50c1d5be6aad	GET /api/v1/docs/favicon-32x32.png 304 - - 1.357 ms
20231227	00:37:18	a0646881-3d4c-4d47-b1ce-be8b08f634e1	POST /api/v1/users/login 200 412 - 107.820 ms
20231227	00:38:01	37d00d9d-44af-457a-8143-3f8e612508f7	GET /api/v1/todos/search?query=pagination 500 130 - 53.371 ms
20231227	00:47:44	12509006-95e7-4cc6-85bc-bb681a1ba644	GET /api/v1/docs/ 304 - - 18.098 ms
20231227	00:47:44	b57a4829-3377-47f8-a132-421f7bd70164	GET /api/v1/docs/swagger-ui.css 304 - - 5.775 ms
20231227	00:47:44	e49ab495-a288-44ac-a73c-d6759808f1a2	GET /api/v1/docs/swagger-ui-init.js 304 - - 5.677 ms
20231227	00:47:44	0d68a2ad-ae04-48ba-bf4c-3dc107d45aef	GET /api/v1/docs/swagger-ui-bundle.js 304 - - 13.912 ms
20231227	00:47:44	5585c999-0e42-4a7b-950a-fe8e37552ae6	GET /api/v1/docs/swagger-ui-standalone-preset.js 304 - - 13.279 ms
20231227	00:47:45	f6a869ef-9d02-4935-b4bb-d599b0950371	GET /api/v1/docs/favicon-32x32.png 304 - - 1.586 ms
20231227	00:47:45	0b9d74ac-2b28-49e3-8132-6365a025bedd	GET /api/v1/docs/favicon-32x32.png 304 - - 3.600 ms
20231227	00:47:57	9a38264a-d6fe-43ff-a22e-3ad7d5d5dcbd	GET /api/v1/docs/ 304 - - 2.174 ms
20231227	00:47:57	34c1cc8b-757d-4edd-82d7-c3c9f8211145	GET /api/v1/docs/swagger-ui-init.js 304 - - 4.851 ms
20231227	00:47:57	121f7700-1089-47b2-b790-b7ee72b26a2a	GET /api/v1/docs/swagger-ui.css 304 - - 15.700 ms
20231227	00:47:57	87938a59-4471-4a32-a876-708e32be1295	GET /api/v1/docs/swagger-ui-bundle.js 304 - - 16.648 ms
20231227	00:47:57	5c9657db-abb7-47b4-9d1a-4d17e3440137	GET /api/v1/docs/swagger-ui-standalone-preset.js 304 - - 16.094 ms
20231227	00:47:57	3eb646cc-1c40-4bbf-9be1-3f32e8da2968	GET /api/v1/docs/favicon-32x32.png 304 - - 4.213 ms
20231227	00:47:58	1dc3138c-f87b-4ff5-bab1-2104400c2849	GET /api/v1/docs/favicon-32x32.png 304 - - 3.316 ms
20231227	00:48:03	cf108f2a-6aa8-477b-abca-bad8dbbfcbf5	GET /api/v1/docs/ 304 - - 2.753 ms
20231227	00:48:03	2dd1eab0-d8f3-403d-981c-c04664072e88	GET /api/v1/docs/swagger-ui.css 304 - - 1.221 ms
20231227	00:48:03	57bea35a-be57-4993-b3b7-9defdd577fb3	GET /api/v1/docs/swagger-ui-bundle.js 304 - - 1.232 ms
20231227	00:48:03	fbe0d768-081c-4aba-b168-ecf16e08c7e6	GET /api/v1/docs/swagger-ui-standalone-preset.js 304 - - 4.844 ms
20231227	00:48:03	f39fa10f-3585-4988-88f7-03a32d29c64d	GET /api/v1/docs/swagger-ui-init.js 304 - - 1.250 ms
20231227	00:48:03	cc37ba27-fd78-47b5-a4bd-aa3fc8078d9f	GET /api/v1/docs/favicon-32x32.png 304 - - 1.140 ms
20231227	00:48:03	beeebced-d4c2-4098-acfa-5df31153eed6	GET /api/v1/docs/favicon-32x32.png 304 - - 1.230 ms
20231227	00:48:09	16f126b6-ace1-45f1-82ef-c0b0d9c7462e	GET /api/v1/docs/ 304 - - 1.590 ms
20231227	00:48:09	d2de12c9-900a-4079-a26c-d37f3cec1eff	GET /api/v1/docs/swagger-ui.css 304 - - 5.839 ms
20231227	00:48:09	20b7ae95-9b1b-4cbc-8100-cb138f06c851	GET /api/v1/docs/swagger-ui-bundle.js 304 - - 5.887 ms
20231227	00:48:09	5719a872-74ef-44a2-a555-2aa74b0ca77b	GET /api/v1/docs/swagger-ui-standalone-preset.js 304 - - 3.425 ms
20231227	00:48:09	e3e9bd86-58a5-4063-a7de-c25e4a1ec44e	GET /api/v1/docs/swagger-ui-init.js 304 - - 6.066 ms
20231227	00:48:09	05bca25e-890c-4351-a319-6432aba1c47d	GET /api/v1/docs/favicon-32x32.png 304 - - 2.047 ms
20231227	00:48:09	8396eb85-0890-401a-8e32-1d60721b228b	GET /api/v1/docs/favicon-32x32.png 304 - - 4.278 ms
20231227	00:48:29	f9fe8ecf-81a2-4f1d-b9b3-b438f3bd1017	POST /api/v1/users/login 200 412 - 154.797 ms
20231227	00:49:16	f25db50a-ce08-4b06-abf2-ad79a217f7cc	GET /api/v1/todos/search?query=pagination 500 130 - 52.667 ms
20231227	00:50:02	a7450778-01a5-4468-b433-4ff55957d65d	GET /api/v1/todos/search?query=pagination 500 130 - 85.037 ms
20231227	00:50:47	b8a6a655-6feb-4786-a9a8-2fe152488388	GET /api/v1/docs/ 304 - - 5.074 ms
20231227	00:50:47	b9e8c128-a209-41b8-9cfa-7758af9b6218	GET /api/v1/docs/swagger-ui.css 304 - - 11.143 ms
20231227	00:50:47	95b867a3-b4f1-4b0f-b56d-b2fe341ae1bf	GET /api/v1/docs/swagger-ui-bundle.js 304 - - 15.727 ms
20231227	00:50:47	538bf673-dea0-4bf5-8cdb-ddabf60f5ad9	GET /api/v1/docs/swagger-ui-standalone-preset.js 304 - - 16.352 ms
20231227	00:50:47	13529dfa-b245-43d8-a1b5-33743885caee	GET /api/v1/docs/swagger-ui-init.js 304 - - 14.710 ms
20231227	00:50:48	696e8d90-d40b-4005-af62-a55ad12ee8d2	GET /api/v1/docs/favicon-32x32.png 304 - - 1.474 ms
20231227	00:50:48	ee5b0d74-1ae7-4c98-87f7-0fb8472965ca	GET /api/v1/docs/favicon-32x32.png 304 - - 4.228 ms
20231227	00:53:19	d58e2a80-6cc2-4980-a368-eb559b37085c	GET /api/v1/docs/ 304 - - 18.748 ms
20231227	00:53:19	1e518caa-5bac-479c-9a38-4a583b4c57e2	GET /api/v1/docs/swagger-ui.css 304 - - 16.222 ms
20231227	00:53:19	4f380c52-9615-4d27-8706-be4210d78d4f	GET /api/v1/docs/swagger-ui-bundle.js 304 - - 18.576 ms
20231227	00:53:19	7556c00f-e80d-434a-8ad4-a11018a74982	GET /api/v1/docs/swagger-ui-init.js 200 14473 - 5.388 ms
20231227	00:53:19	598aa072-905f-4d8a-a2ad-0122432e8588	GET /api/v1/docs/swagger-ui-standalone-preset.js 304 - - 22.806 ms
20231227	00:53:20	b5cc5384-1627-4bfc-b3b2-848ce0c6cd59	GET /api/v1/docs/favicon-32x32.png 304 - - 3.239 ms
20231227	00:53:20	d1773810-8dd1-4741-b3da-f5e3ddd2eda2	GET /api/v1/docs/favicon-32x32.png 304 - - 2.327 ms
20231227	00:54:48	6604f5b0-16c8-41bc-9a67-80eea257b4ec	POST /api/v1/users/login 200 412 - 160.559 ms
20231227	00:55:48	b18264e0-ec66-44ab-955c-23b067247b41	GET /api/v1/todos/search?title=pagination&description=pagination 500 130 - 52.592 ms
20231227	00:59:35	fafae259-b4cb-4b4d-9de0-73e363bd64ab	GET /api/v1/docs/ 304 - - 20.090 ms
20231227	00:59:35	6c2d757a-4e92-4228-944e-b5550dc5d5ab	GET /api/v1/docs/swagger-ui.css 304 - - 16.505 ms
20231227	00:59:35	05e95433-54ca-46c4-b63e-a19c932e174f	GET /api/v1/docs/swagger-ui-bundle.js 304 - - 15.475 ms
20231227	00:59:35	01567128-6171-4412-86bd-3b5805565e81	GET /api/v1/docs/swagger-ui-init.js 304 - - 9.062 ms
20231227	00:59:35	0b1463c5-8f52-44b1-a912-f2a9ff9dac46	GET /api/v1/docs/swagger-ui-standalone-preset.js 304 - - 15.825 ms
20231227	00:59:37	11bc8609-e6f4-42f5-986b-c2265e495c4f	GET /api/v1/docs/favicon-32x32.png 304 - - 2.488 ms
20231227	00:59:38	7f3470bf-1f7e-42ed-9f9a-bb915742abe0	GET /api/v1/docs/favicon-32x32.png 304 - - 1.627 ms
20231227	00:59:43	3ee5b05c-2a74-4a34-a8bf-caa81f526991	GET /api/v1/docs/ 304 - - 4.327 ms
20231227	00:59:43	0c7a8733-f1b9-4bb4-b7fe-8c9138964e1e	GET /api/v1/docs/swagger-ui.css 304 - - 8.669 ms
20231227	00:59:43	a11af0f2-cd45-403d-a19d-9c6e03213d9e	GET /api/v1/docs/swagger-ui-bundle.js 304 - - 13.190 ms
20231227	00:59:43	615b2a3e-45a2-4e1c-8baf-ccf08245f40d	GET /api/v1/docs/swagger-ui-standalone-preset.js 304 - - 9.867 ms
20231227	00:59:43	df076c7b-8958-4394-a0d2-ed0959b16b05	GET /api/v1/docs/swagger-ui-init.js 304 - - 4.015 ms
20231227	00:59:44	09860c88-9049-496e-8af7-e21917d6b3c0	GET /api/v1/docs/favicon-32x32.png 304 - - 2.280 ms
20231227	00:59:44	61e35809-4ad2-4d89-b833-5a186a6f3d6e	GET /api/v1/docs/favicon-32x32.png 304 - - 24.142 ms
20231227	01:00:00	293ba956-8d35-4a22-b217-a3bccf38da83	POST /api/v1/users/login 200 412 - 142.952 ms
20231227	01:01:00	5a2a0037-3b2b-46e9-ac57-a1f2be053d0b	GET /api/v1/todos/search?title=pagination&description=test 500 130 - 50.801 ms
20231227	01:08:59	7b951092-46eb-4103-9553-1237500e862f	GET /api/v1/docs/ 304 - - 21.705 ms
20231227	01:08:59	6900624d-5205-4ad5-921c-a4ab51a0294c	GET /api/v1/docs/swagger-ui.css 304 - - 15.917 ms
20231227	01:08:59	2eeeb8ed-50ec-4e97-aca9-e502d0fe2dbe	GET /api/v1/docs/swagger-ui-init.js 200 14415 - 9.960 ms
20231227	01:08:59	a4cfc59f-1343-47c2-a792-3048626ff1b2	GET /api/v1/docs/swagger-ui-bundle.js 304 - - 24.186 ms
20231227	01:08:59	18dacfaa-ffae-4ecc-8054-bc9e27b88aad	GET /api/v1/docs/swagger-ui-standalone-preset.js 304 - - 22.138 ms
20231227	01:09:00	606e5ad1-2fd4-4810-9dc8-305c0e0983be	GET /api/v1/docs/favicon-32x32.png 304 - - 2.606 ms
20231227	01:09:00	da1eae5c-be61-4dd9-bb03-fe515427c094	GET /api/v1/docs/favicon-32x32.png 304 - - 1.758 ms
20231227	01:09:09	60919466-c435-4b2d-a246-de110871ae43	GET /api/v1/docs/ 304 - - 1.845 ms
20231227	01:09:09	1a4da92a-6bc6-4331-ac69-901c723f7883	GET /api/v1/docs/swagger-ui.css 304 - - 12.903 ms
20231227	01:09:09	05eed40f-a9e0-4dba-a05e-8fa9b1dc0b20	GET /api/v1/docs/swagger-ui-bundle.js 304 - - 14.654 ms
20231227	01:09:09	f73bfb64-ac1f-4a37-a075-7b3e93df57cf	GET /api/v1/docs/swagger-ui-init.js 304 - - 10.557 ms
20231227	01:09:09	0ec24f12-ac9a-4e00-bfc8-f673ed30fa71	GET /api/v1/docs/swagger-ui-standalone-preset.js 304 - - 20.809 ms
20231227	01:09:09	39c11575-d29a-4c56-8da8-54f8e2ca8a71	GET /api/v1/docs/favicon-32x32.png 304 - - 1.765 ms
20231227	01:09:09	e211112b-eb37-411f-9b9e-428656a5c2f5	GET /api/v1/docs/favicon-32x32.png 304 - - 5.188 ms
20231227	01:09:26	72b90fc7-4082-417c-b89a-a4635ab66308	POST /api/v1/users/login 200 412 - 143.319 ms
20231227	01:10:10	95ce0efe-907c-4d4b-8a94-a3a925bf4185	GET /api/v1/todos/search?title=pagination 500 130 - 60.543 ms
20231227	01:15:09	102b37f5-f9f1-4a30-96aa-bba52f01bfe4	GET /api/v1/docs/ 304 - - 19.034 ms
20231227	01:15:09	979db1bf-c9a3-4769-9682-f2af103794f5	GET /api/v1/docs/swagger-ui.css 304 - - 13.286 ms
20231227	01:15:09	b7f5e794-ef53-4aef-a344-809103313f09	GET /api/v1/docs/swagger-ui-bundle.js 304 - - 14.872 ms
20231227	01:15:09	6be4af0c-407c-43c1-a1e7-055a33737a77	GET /api/v1/docs/swagger-ui-init.js 304 - - 11.901 ms
20231227	01:15:09	58db39a9-3f0d-4ff4-a9e6-99e6b75ade82	GET /api/v1/docs/swagger-ui-standalone-preset.js 304 - - 16.218 ms
20231227	01:15:09	4d2dba13-baaa-40b2-89e3-179fe8c253ec	GET /api/v1/docs/favicon-32x32.png 304 - - 1.226 ms
20231227	01:15:10	185291d1-4619-49a3-ba46-41bae025f20d	GET /api/v1/docs/favicon-32x32.png 304 - - 1.486 ms
20231227	01:15:15	dbe82506-e46d-4462-988e-92e0ec556d58	GET /api/v1/docs/ 304 - - 3.036 ms
20231227	01:15:15	8e10b0b5-df90-4959-b9fb-3ce25c7ea7da	GET /api/v1/docs/swagger-ui.css 304 - - 7.288 ms
20231227	01:15:15	82253bb2-a018-4818-8891-794b6804a15b	GET /api/v1/docs/swagger-ui-bundle.js 304 - - 10.024 ms
20231227	01:15:15	6a14d596-3980-40b3-9b1e-ad31e7639712	GET /api/v1/docs/swagger-ui-standalone-preset.js 304 - - 11.978 ms
20231227	01:15:15	37575bcc-9d2d-485e-95a8-e4b14ef1f91f	GET /api/v1/docs/swagger-ui-init.js 304 - - 3.751 ms
20231227	01:15:16	8e5c4bac-a43f-455c-8398-5519a4f7103e	GET /api/v1/docs/favicon-32x32.png 304 - - 2.061 ms
20231227	01:15:16	7df8104c-ff3c-4042-8333-1a4a2c63fbce	GET /api/v1/docs/favicon-32x32.png 304 - - 2.616 ms
20231227	01:15:54	530abd85-3f95-4033-9a8e-72ae8f33656f	POST /api/v1/users/login 400 227 - 44.981 ms
20231227	01:16:11	4af5401d-1d88-4321-927f-ef0a5d15cc2f	POST /api/v1/users/login 200 412 - 126.663 ms
20231227	01:17:56	01a50d74-bf9a-48dd-b6b2-4ac0e4d93b27	GET /api/v1/todos/search?title=pagination 500 130 - 40.264 ms
20231227	01:27:59	82c8b211-02e5-44f3-895c-7b2b772091bb	GET /api/v1/docs/ 304 - - 15.635 ms
20231227	01:27:59	19e98182-d18e-4556-9e94-e390cf635471	GET /api/v1/docs/swagger-ui.css 304 - - 14.209 ms
20231227	01:27:59	f78bc8f8-dfda-47eb-aed1-0d4ccddced33	GET /api/v1/docs/swagger-ui-bundle.js 304 - - 14.640 ms
20231227	01:27:59	7d5882e2-18f8-4d54-881a-2e6286015b74	GET /api/v1/docs/swagger-ui-init.js 200 14773 - 9.475 ms
20231227	01:27:59	04767f19-70ea-405e-9d00-957a75ad79b2	GET /api/v1/docs/swagger-ui-standalone-preset.js 304 - - 17.209 ms
20231227	01:28:00	3cc8a74f-eb5d-45f3-9da2-915ec60568c3	GET /api/v1/docs/favicon-32x32.png 304 - - 1.418 ms
20231227	01:28:00	33c5adb6-4e12-469e-9c7c-924006715de7	GET /api/v1/docs/favicon-32x32.png 304 - - 14.819 ms
20231227	01:28:13	2deb9ed9-0f4f-4f0e-935e-58975dbd0b8f	POST /api/v1/users/login 200 412 - 160.147 ms
20231227	01:28:43	d297708a-9d7e-40e9-b317-f1a5ded50511	GET /api/v1/todos?limit=20 500 130 - 46.312 ms
20231227	01:29:59	89bef0fd-42d3-4794-827a-177d62155f26	GET /api/v1/todos?limit=20 500 130 - 31.088 ms
20231227	01:30:20	58c68f5e-1cfb-4200-a766-cb301e930995	GET /api/v1/docs/ 304 - - 9.712 ms
20231227	01:30:20	e14bd729-c278-48dd-a247-77cc84632045	GET /api/v1/docs/swagger-ui.css 304 - - 17.503 ms
20231227	01:30:20	3b417d08-100c-42ff-8f38-bfd1d18a9c05	GET /api/v1/docs/swagger-ui-bundle.js 304 - - 17.539 ms
20231227	01:30:20	4bea0446-4997-428a-a4c9-df92542c6532	GET /api/v1/docs/swagger-ui-standalone-preset.js 304 - - 17.747 ms
20231227	01:30:20	bc60f303-4633-4d46-871b-65f41130531c	GET /api/v1/docs/swagger-ui-init.js 304 - - 13.651 ms
20231227	01:30:21	67a7b31a-c718-4094-9895-4034bf484289	GET /api/v1/docs/favicon-32x32.png 304 - - 7.197 ms
20231227	01:30:22	0ca7fae9-dcb6-4f1f-b0f7-61fe6167243c	GET /api/v1/docs/favicon-32x32.png 304 - - 4.616 ms
20231227	01:30:48	b6dbbf0e-cecf-4cbe-9dca-3facd27cbd52	POST /api/v1/users/login 200 412 - 148.316 ms
20231227	01:31:18	b68debc8-ea0c-45d9-846f-45111fa35cc4	GET /api/v1/todos?limit=20 500 130 - 49.331 ms
20231227	01:36:55	d1064869-185a-44dd-820e-433bf54def61	GET /api/v1/docs/ 304 - - 22.420 ms
20231227	01:36:55	3d0fc4ea-ff0f-43ec-a27d-e8bbdce5df6a	GET /api/v1/docs/swagger-ui.css 304 - - 13.349 ms
20231227	01:36:55	21a2aa73-e32b-43d4-8cef-82c27d56513b	GET /api/v1/docs/swagger-ui-bundle.js 304 - - 14.168 ms
20231227	01:36:55	f442a1c5-ac72-4732-81ef-1e504a6a482b	GET /api/v1/docs/swagger-ui-init.js 304 - - 10.182 ms
20231227	01:36:55	23dc848f-c565-4301-8f8a-3693e309a6ff	GET /api/v1/docs/swagger-ui-standalone-preset.js 304 - - 15.643 ms
20231227	01:36:56	fe9c8fdc-1324-4aaf-b10e-8fb4eae31c37	GET /api/v1/docs/favicon-32x32.png 304 - - 1.465 ms
20231227	01:36:56	d360d0a6-95e1-4fd0-83a7-ee573bfdbcf7	GET /api/v1/docs/favicon-32x32.png 304 - - 3.174 ms
20231227	01:37:08	b38ce035-0e1d-423f-89cd-cb120b5e3e7c	POST /api/v1/users/login 200 412 - 151.709 ms
20231227	01:37:41	d7b3380e-a104-4411-8c93-1bdb5f079309	GET /api/v1/todos?limit=20 200 601 - 36.784 ms
20231227	01:38:37	c4c9c25c-af10-4e50-867a-a9636b2e60ec	GET /api/v1/todos?limit=20&title=pagination 200 360 - 40.490 ms
20231227	01:38:51	de2ed507-62f9-4ad2-8b2a-3a8744ba2219	GET /api/v1/todos?limit=20&title=test 200 133 - 54.085 ms
20231227	01:39:04	1c8774c7-3754-45aa-b28b-f15de1c1e14f	GET /api/v1/todos?limit=20&title=confirmation 200 373 - 33.389 ms
20231227	01:39:18	c47b02c4-1dad-48c8-a99d-567a682abc7a	GET /api/v1/todos?limit=20&title=another 200 373 - 32.783 ms
20231227	01:39:30	cd3b226b-e558-4810-9b21-189d3308c6e3	GET /api/v1/todos?limit=20 200 601 - 58.006 ms
20231227	01:39:57	49944e30-d36b-4dd9-878b-30fb7a953320	GET /api/v1/todos?limit=20&description=test 200 360 - 30.613 ms
20231227	01:43:00	fbdec4fe-972b-4513-8185-a9ef05dfe11d	POST /api/v1/users/login 200 412 - 143.158 ms
20231227	01:43:47	fb80034a-21a3-40a1-8c86-7fbf6b5bbfd5	POST /api/v1/todos 200 288 - 50.650 ms
20231227	01:44:04	03cc0c21-bd4e-4ddc-a884-26e5ab52beb3	GET /api/v1/todos?limit=20&description=test 200 571 - 43.191 ms
