20231223	23:53:11	20e494f8-b515-4ecf-8e80-a0ff06722e23	POST	/api/v1/users/login	http://localhost:3500
20231223	23:57:28	e49e1eee-e429-40e5-b714-60742e476828	POST	/api/v1/users/login	http://localhost:3500
20231224	00:02:57	67269537-8f8f-4e0e-b8ca-03e9831473fb	POST	/api/v1/users/register	http://localhost:3500
20231224	00:08:21	d60ffa50-d347-491b-87c8-97a84152249f	POST	/api/v1/users/register	http://localhost:3500
20231224	00:10:35	9549cf72-9d12-42f1-8fda-3433ea0de7bf	POST	/api/v1/users/register	http://localhost:3500
20231224	04:42:02	1cc33b51-bf6a-418c-aa78-d8a38841db0c	POST	/api/v1/users/login	http://localhost:3500
20231224	04:54:32	8d77c7e6-589b-4e40-98f5-27596a81f4a6	POST	/api/v1/users/login	http://localhost:3500
20231224	04:54:52	382244f4-89a8-4d85-ba45-8ab237fa8a45	POST	/api/v1/users/login	http://localhost:3500
20231224	04:54:55	9fd10513-a04a-4572-a6d9-63779c582332	POST	/api/v1/users/login	http://localhost:3500
20231224	04:54:58	a23301a1-6db5-4abe-b388-c029db41822a	POST	/api/v1/users/login	http://localhost:3500
20231224	04:55:02	106000dc-82ec-4f30-a04a-ea37425a2152	POST	/api/v1/users/login	http://localhost:3500
20231224	04:55:05	faa206e6-cfd4-49d7-94a9-5dcd411a3f14	POST	/api/v1/users/login	http://localhost:3500
20231224	05:22:47	7fddaa45-2255-4370-857e-618c6ef2518d	POST	/api/v1/users/login	http://localhost:3500
20231224	05:22:50	c41b559b-4753-44e0-8cea-94e9fa2cb7b1	POST	/api/v1/users/login	http://localhost:3500
20231224	05:22:52	c024c90e-efc7-4a04-bb1b-86b9ed1b265d	POST	/api/v1/users/login	http://localhost:3500
20231224	05:22:53	408e4981-139d-4b71-b053-17520356443b	POST	/api/v1/users/login	http://localhost:3500
20231224	05:22:55	135b1b5e-c645-47ed-b7d8-c93251940356	POST	/api/v1/users/login	http://localhost:3500
20231224	05:22:58	d6ac6d8e-ba6a-45bc-93e7-b6ef12ce45ee	POST	/api/v1/users/login	http://localhost:3500
20231224	05:47:48	f05e9a31-bdda-4451-9cc2-2bf373233999	POST	/api/v1/users/login	http://localhost:3500
20231224	05:49:04	300368de-31bb-4fa3-a6e8-cd46273b0a16	POST	/api/v1/users/login	http://localhost:3500
20231224	05:49:50	8dbc4c33-0548-4bf3-9e45-f2c29044a63e	POST	/api/v1/users/login	http://localhost:3500
20231224	17:59:56	4542c040-981f-463e-9d27-b67a2875692c	GET	/	Origin not provided
20231224	17:59:57	208dde59-8879-4c66-9371-0106eefcc115	GET	/css/style.css	Origin not provided
20231224	17:59:57	e61027cf-6495-4156-8b60-14658cff2643	GET	/favicon.ico	Origin not provided
20231224	18:00:26	cebaaf87-e3ad-4640-937d-3401d2414316	GET	/	Origin not provided
20231224	18:00:26	f64c6d2b-a4a3-465f-9ffe-1d245693a98c	GET	/css/style.css	Origin not provided
20231224	18:00:26	bd745725-e3b9-48bc-a5f4-3133fc185a29	GET	/favicon.ico	Origin not provided
20231224	18:01:58	8f2bdf5b-4d59-498a-987c-bab9da3de6d6	GET	/	Origin not provided
20231224	18:01:58	52630470-95b7-46b9-a8e5-2814c73c8e80	GET	/css/style.css	Origin not provided
20231224	18:01:58	e5b4f091-75a6-44e9-99c0-4a1a3b69c0b9	GET	/favicon.ico	Origin not provided
20231224	18:01:59	0e406513-36c5-4ada-9754-387980ee2887	GET	/	Origin not provided
20231224	18:02:00	dc17bc1e-d73e-43ea-aa66-41f4aa504093	GET	/css/style.css	Origin not provided
20231224	18:02:00	b92443e9-3961-481b-9f74-23e9fa02e4d1	GET	/favicon.ico	Origin not provided
20231224	18:03:42	62efa6de-6ed3-453d-8790-ae21b2113b4a	GET	/	Origin not provided
20231224	18:04:27	81a7c6cb-fe85-49c0-82ca-c7119a4c2a0c	GET	/	Origin not provided
20231224	18:04:28	6e57eada-dd4a-4961-a093-d28cac79941c	GET	/css/style.css	Origin not provided
20231224	18:04:28	0ca586f7-afbc-44be-bc10-043a35e7c741	GET	/favicon.ico	Origin not provided
20231224	18:05:17	cf6de0fe-219a-4256-b026-6d865117fc34	GET	/	Origin not provided
20231224	18:05:17	32bd2e43-4a99-44d4-a7e1-e76a1498f7b5	GET	/css/style.css	Origin not provided
20231224	18:05:17	22ed5039-dd1c-485c-8335-5b1e35bf45d0	GET	/favicon.ico	Origin not provided
20231224	18:05:49	c6bafd90-ef78-4abc-bf84-5b37e52389cb	GET	/44	Origin not provided
20231224	18:05:50	7341fb86-a912-4bf6-a428-075c656c734c	GET	/favicon.ico	Origin not provided
20231224	18:06:04	4d4146eb-acd4-494d-9d52-a14492a45d29	GET	/api	Origin not provided
20231224	18:06:04	c573d97e-dad4-4d99-b3ea-ba8cee1408ac	GET	/favicon.ico	Origin not provided
20231224	18:06:33	17115a2b-9aac-4613-b7b9-73b99c59c8d6	GET	/	Origin not provided
20231224	18:06:33	efa2f60d-b3de-47c7-a5e6-5ffc97168d55	GET	/css/style.css	Origin not provided
20231224	18:06:34	a53eb083-fe75-49ee-93d0-327d470ecc98	GET	/favicon.ico	Origin not provided
20231224	18:07:28	3797b26d-8693-46f8-a27d-78a700706657	GET	/	Origin not provided
20231224	18:07:28	bf6743da-7346-4803-8577-c6a49037c843	GET	/css/style.css	Origin not provided
20231224	18:07:29	666b8c3a-9814-49af-9920-880a9996e1ae	GET	/favicon.ico	Origin not provided
20231224	18:07:32	4753a843-df0e-4918-a7db-97e7c9d512ff	GET	/	Origin not provided
20231224	18:07:32	e7f748c4-c89a-4079-be90-27a6ad549fee	GET	/css/style.css	Origin not provided
20231224	18:07:33	bfeebd45-0a11-4453-a68a-0fde701d6083	GET	/favicon.ico	Origin not provided
20231224	18:08:07	5fa5eb6e-66a2-47d3-b4af-64fecb2b469b	GET	/	Origin not provided
20231224	18:08:07	6f873ce1-5ee9-45ea-b665-b1b4fc0d6a26	GET	/css/style.css	Origin not provided
20231224	18:08:07	7546fd13-461f-49a8-a40a-b56a74eea1f1	GET	/favicon.ico	Origin not provided
20231225	03:35:28	ec113e43-0827-47ae-a059-0dcee66dfd4f	GET	/api/v1/docs/	Origin not provided
20231225	03:35:28	86254b8e-02ea-4738-92ac-db679bae28d1	GET	/api/v1/docs/swagger-ui.css	Origin not provided
20231225	03:35:28	5371e444-c32c-4097-a818-9c7d5c74843f	GET	/api/v1/docs/swagger-ui-bundle.js	Origin not provided
20231225	03:35:28	ce24f5ae-9a27-4d43-8673-cdf257b45e5d	GET	/api/v1/docs/swagger-ui-init.js	Origin not provided
20231225	03:35:28	73325315-8797-4078-b615-e39329811dba	GET	/api/v1/docs/swagger-ui-standalone-preset.js	Origin not provided
20231225	03:35:28	579f6373-f407-423a-ae17-ddef2a25f002	GET	/api/v1/docs/favicon-32x32.png	Origin not provided
20231225	03:35:29	c4f24593-4477-437c-a93a-3edb348a63b2	GET	/api/v1/docs/favicon-32x32.png	Origin not provided
20231225	03:35:33	388d6a31-07bd-4250-a8ff-50c1793553a6	GET	/	Origin not provided
20231225	03:35:33	3db43808-937e-4570-b3ef-f9dac6213e68	GET	/css/style.css	Origin not provided
20231226	00:07:17	0b66b2fd-4e8a-4d6b-ad27-00002da2d75b	GET	/api/v1/docs/	Origin not provided
20231226	00:07:18	e30179cf-a7d7-4d23-b23f-4c410cb7df0b	GET	/api/v1/docs/swagger-ui-init.js	Origin not provided
20231226	00:07:18	1e3e6ed1-c86e-4758-a34d-d38f91c15617	GET	/api/v1/docs/swagger-ui-bundle.js	Origin not provided
20231226	00:07:18	3307bb50-896b-42f9-952e-b97590283d33	GET	/api/v1/docs/swagger-ui.css	Origin not provided
20231226	00:07:18	f997c3a4-d89e-429d-8a7d-64b4b391b34a	GET	/api/v1/docs/swagger-ui-standalone-preset.js	Origin not provided
20231226	00:07:18	3b28199e-5777-48bd-b499-8f3fdeededd2	GET	/api/v1/docs/favicon-32x32.png	Origin not provided
20231226	01:09:57	7e004052-a48c-4757-bb50-74348ef0db5c	GET	/api/v1/docs/	Origin not provided
20231226	01:09:57	1cfc386b-c5ec-4e29-ace8-48041375184b	GET	/api/v1/docs/swagger-ui.css	Origin not provided
20231226	01:09:57	97a39f32-7368-45bf-b4a5-9bc92e92068e	GET	/api/v1/docs/swagger-ui-bundle.js	Origin not provided
20231226	01:09:57	6dba4c4d-1acd-478b-a880-2127095bc86c	GET	/api/v1/docs/swagger-ui-standalone-preset.js	Origin not provided
20231226	01:09:57	38491d20-aec0-4f53-876f-62c5dddce108	GET	/api/v1/docs/swagger-ui-init.js	Origin not provided
20231226	01:09:58	acbef8a9-f667-4418-9322-aa058ff34d57	GET	/api/v1/docs/favicon-32x32.png	Origin not provided
20231226	01:09:58	9b2995c1-9dc0-431f-a656-0e0384dd186a	GET	/api/v1/docs/favicon-32x32.png	Origin not provided
20231226	01:10:25	6f4dace3-e4bc-46c3-8bf0-efd4afcea75e	POST	/api/v1/users/register	http://localhost:3500
20231226	12:55:18	f9dfc216-5481-4cc5-a8d2-7795eefcf2f1	POST	/api/v1/users/register	http://localhost:3500
20231226	12:56:13	d3b57d50-b021-47b7-84a3-e2be72b7e458	GET	/api/v1/todos	Origin not provided
20231226	12:57:26	e2c4de53-8ee6-47ea-899b-68c6c810df0b	POST	/api/v1/users/login	http://localhost:3500
20231226	12:58:37	5f0cba25-24ef-4b86-a78f-376d0b1d569f	POST	/api/v1/users/login	http://localhost:3500
20231226	12:59:03	ac030f59-f170-441c-b309-969391cecd8e	GET	/api/v1/todos	Origin not provided
20231226	13:01:24	df4a63a6-7aab-497e-baf6-c53a14689be2	POST	/api/v1/users/login	http://localhost:3500
20231226	13:02:02	92cdcb58-0afa-4aee-bcbf-7bcbfaeaa806	POST	/api/v1/users/login	http://localhost:3500
20231226	13:02:52	8e55aeec-b2e4-47df-b50c-e01be3c6a5ca	GET	/api/v1/todos	Origin not provided
20231226	13:05:41	95767f8b-124b-463e-a936-e2102a401478	GET	/api/v1/todos	Origin not provided
20231226	13:09:26	5c492323-317c-40eb-8f47-a3bbf91df060	GET	/api/v1/todos	Origin not provided
20231226	13:12:09	82256ac6-a18a-41ba-9cfe-b4016ae48b7b	GET	/api/v1/todos	Origin not provided
20231226	13:12:48	f645c09b-9e74-406b-bcc0-dbb07d201cc7	GET	/api/v1/todos	Origin not provided
20231226	13:15:57	04a6fc28-8298-4c11-8ed4-0a06597c64ca	GET	/api/v1/todos	Origin not provided
20231226	13:17:19	ce144314-9331-4dd9-9f06-1c3ae49208f4	GET	/api/v1/todos	Origin not provided
20231226	16:19:08	f31b6fdb-1d07-4023-9f93-012abe11949f	GET	/api/v1/todos	Origin not provided
20231226	16:32:29	6abc2a23-19a7-4ad6-b1df-7140ed44add7	POST	/api/v1/users/register	http://localhost:3500
20231226	16:42:13	fa9b2f83-8f53-402f-8477-b4be4f3474c4	GET	/api/v1/todos	Origin not provided
20231226	16:42:51	797eaa33-80bf-4258-a3a3-fd8a755955ac	POST	/api/v1/users/login	http://localhost:3500
20231226	16:42:59	b437f381-cfbb-4e3d-9db0-52dcb7fc639f	GET	/api/v1/docs/	Origin not provided
20231226	16:42:59	4aacaf15-2149-4989-b0ba-5f1fe446a10d	GET	/api/v1/docs/swagger-ui.css	Origin not provided
20231226	16:42:59	2b7d9495-976b-4e54-b821-e22e0b4cb20e	GET	/api/v1/docs/swagger-ui-standalone-preset.js	Origin not provided
20231226	16:42:59	86f09ebe-1658-4b9f-9c44-85f7783000d3	GET	/api/v1/docs/swagger-ui-bundle.js	Origin not provided
20231226	16:42:59	ca8792a4-c30a-4d8b-a735-dfa2a795a149	GET	/api/v1/docs/swagger-ui-init.js	Origin not provided
20231226	16:43:00	06154f03-16a1-4062-89a0-26431a68383d	GET	/api/v1/docs/favicon-32x32.png	Origin not provided
20231226	16:43:00	5e7953dc-47fe-4058-a123-ae6352335c62	GET	/api/v1/docs/favicon-32x32.png	Origin not provided
20231226	16:43:19	c35b5985-571f-46a4-a9c8-b53333f8bf47	POST	/api/v1/users/login	http://localhost:3500
20231226	16:43:53	f068db8e-353a-4654-99b3-e6e9053e65ff	GET	/api/v1/todos	Origin not provided
20231226	17:37:11	633630a8-65ad-415f-bc21-5883bf9637c1	GET	/api/v1/docs/	Origin not provided
20231226	17:37:11	933ab81b-74a7-4207-ab16-95ba05283574	GET	/api/v1/docs/swagger-ui.css	Origin not provided
20231226	17:37:11	f19c297e-fc39-43e3-99e9-6359acc78146	GET	/api/v1/docs/swagger-ui-bundle.js	Origin not provided
20231226	17:37:11	edec030a-5230-4298-8b9a-b8b951dc8774	GET	/api/v1/docs/swagger-ui-standalone-preset.js	Origin not provided
20231226	17:37:11	7dda282f-babc-4e49-bf98-f51d34868508	GET	/api/v1/docs/swagger-ui-init.js	Origin not provided
20231226	17:37:11	690fa025-8768-4425-941c-f4e13fc3977c	GET	/api/v1/docs/favicon-32x32.png	Origin not provided
20231226	17:37:12	494d13eb-87ec-453b-8e83-476c8767a2c8	GET	/api/v1/docs/favicon-32x32.png	Origin not provided
20231226	17:37:26	f31cd0cb-a2f4-44e9-bfee-02400c342560	POST	/api/v1/users/login	http://localhost:3500
20231226	17:37:58	d4e5e176-9a92-4040-8290-f66382c5efd7	GET	/api/v1/todos	Origin not provided
20231226	17:39:56	ae8edc67-0b9f-4a36-a8ee-299dd538ef3e	POST	/api/v1/users/login	http://localhost:3500
20231226	17:40:13	b1e502c8-433f-41db-911f-4eb79d651c11	GET	/api/v1/todos	Origin not provided
20231226	17:40:43	809de426-208b-4b84-92e0-a0f10eb336a1	GET	/api/v1/todos	Origin not provided
